Running 'gradlew :app:bundleRelease' in /home/expo/workingdir/build/android
Downloading https://services.gradle.org/distributions/gradle-8.13-bin.zip
10%
20%.
30
%.
40%.
50%
60%.
70%.
80%.
90%.
100%
Welcome to Gradle 8.13!
Here are the highlights of this release:
- Daemon JVM auto-provisioning
- Enhancements for Scala plugin and JUnit testing
- Improvements for build authors and plugin developers
For more details see https://docs.gradle.org/8.13/release-notes.html
To honour the JVM settings for this build a single-use Daemon process will be forked. For more on this, please refer to https://docs.gradle.org/8.13/userguide/gradle_daemon.html#sec:disabling_the_daemon in the Gradle documentation.
Daemon will be stopped at the end of the build
> Configure project :expo-gradle-plugin:expo-autolinking-plugin-shared
w: file:///home/expo/workingdir/build/node_modules/expo-modules-autolinking/android/expo-gradle-plugin/expo-autolinking-plugin-shared/build.gradle.kts:32:9: The expression is unused
> Task :gradle-plugin:settings-plugin:checkKotlinGradlePluginConfigurationErrors SKIPPED
> Task :gradle-plugin:shared:checkKotlinGradlePluginConfigurationErrors SKIPPED
> Task :expo-gradle-plugin:expo-autolinking-plugin-shared:checkKotlinGradlePluginConfigurationErrors
> Task :expo-gradle-plugin:expo-autolinking-settings-plugin:checkKotlinGradlePluginConfigurationErrors
> Task :gradle-plugin:settings-plugin:pluginDescriptors
> Task :expo-gradle-plugin:expo-autolinking-settings-plugin:pluginDescriptors
> Task :gradle-plugin:settings-plugin:processResources
> Task :expo-gradle-plugin:expo-autolinking-settings-plugin:processResources
> Task :expo-gradle-plugin:expo-autolinking-plugin-shared:processResources NO-SOURCE
> Task :gradle-plugin:shared:processResources NO-SOURCE
> Task :gradle-plugin:shared:compileKotlin
> Task :gradle-plugin:shared:compileJava NO-SOURCE
> Task :gradle-plugin:shared:classes UP-TO-DATE
> Task :gradle-plugin:shared:jar
> Task :expo-gradle-plugin:expo-autolinking-plugin-shared:compileKotlin
> Task :expo-gradle-plugin:expo-autolinking-plugin-shared:compileJava NO-SOURCE
> Task :expo-gradle-plugin:expo-autolinking-plugin-shared:classes UP-TO-DATE
> Task :expo-gradle-plugin:expo-autolinking-plugin-shared:jar
> Task :gradle-plugin:settings-plugin:compileKotlin
> Task :gradle-plugin:settings-plugin:compileJava NO-SOURCE
> Task :gradle-plugin:settings-plugin:classes
> Task :gradle-plugin:settings-plugin:jar
> Task :expo-gradle-plugin:expo-autolinking-settings-plugin:compileKotlin
> Task :expo-gradle-plugin:expo-autolinking-settings-plugin:compileJava NO-SOURCE
> Task :expo-gradle-plugin:expo-autolinking-settings-plugin:classes
> Task :expo-gradle-plugin:expo-autolinking-settings-plugin:jar
> Task :expo-gradle-plugin:expo-autolinking-plugin:checkKotlinGradlePluginConfigurationErrors
> Task :gradle-plugin:react-native-gradle-plugin:checkKotlinGradlePluginConfigurationErrors SKIPPED
> Task :expo-module-gradle-plugin:checkKotlinGradlePluginConfigurationErrors
> Task :expo-module-gradle-plugin:pluginDescriptors
> Task :expo-module-gradle-plugin:processResources
> Task :expo-gradle-plugin:expo-autolinking-plugin:pluginDescriptors
> Task :expo-gradle-plugin:expo-autolinking-plugin:processResources
> Task :gradle-plugin:react-native-gradle-plugin:pluginDescriptors
> Task :gradle-plugin:react-native-gradle-plugin:processResources
> Task :expo-gradle-plugin:expo-autolinking-plugin:compileKotlin
w: file:///home/expo/workingdir/build/node_modules/expo-modules-autolinking/android/expo-gradle-plugin/expo-autolinking-plugin/src/main/kotlin/expo/modules/plugin/ExpoAutolinkingPlugin.kt:29:71 Name shadowed: project
> Task :expo-gradle-plugin:expo-autolinking-plugin:compileJava NO-SOURCE
> Task :expo-gradle-plugin:expo-autolinking-plugin:classes
> Task :expo-gradle-plugin:expo-autolinking-plugin:jar
> Task :gradle-plugin:react-native-gradle-plugin:compileKotlin
> Task :gradle-plugin:react-native-gradle-plugin:compileJava NO-SOURCE
> Task :gradle-plugin:react-native-gradle-plugin:classes
> Task :gradle-plugin:react-native-gradle-plugin:jar
> Task :expo-module-gradle-plugin:compileKotlin
w: file:///home/expo/workingdir/build/node_modules/expo-modules-core/expo-module-gradle-plugin/src/main/kotlin/expo/modules/plugin/android/AndroidLibraryExtension.kt:9:24 'targetSdk: Int?' is deprecated. Will be removed from library DSL in v9.0. Use testOptions.targetSdk or/and lint.targetSdk instead
> Task :expo-module-gradle-plugin:compileJava NO-SOURCE
> Task :expo-module-gradle-plugin:classes
> Task :expo-module-gradle-plugin:jar
> Configure project :
[32m[ExpoRootProject][0m Using the following versions:
  - buildTools:  [32m35.0.0[0m
  - minSdk:      [32m24[0m
  - compileSdk:  [32m35[0m
  - targetSdk:   [32m35[0m
  - ndk:         [32m27.1.12297006[0m
  - kotlin:      [32m2.0.21[0m
  - ksp:         [32m2.0.21-1.0.28[0m
> Configure project :app
Checking the license for package NDK (Side by side) 27.1.12297006 in /home/expo/Android/Sdk/licenses
License for package NDK (Side by side) 27.1.12297006 accepted.
Preparing "Install NDK (Side by side) 27.1.12297006 v.27.1.12297006".
"Install NDK (Side by side) 27.1.12297006 v.27.1.12297006" ready.
Installing NDK (Side by side) 27.1.12297006 in /home/expo/Android/Sdk/ndk/27.1.12297006
"Install NDK (Side by side) 27.1.12297006 v.27.1.12297006" complete.
"Install NDK (Side by side) 27.1.12297006 v.27.1.12297006" finished.
> Configure project :expo
Using expo modules
  - [32mexpo-barcode-scanner[0m (13.0.1)
  - [32mexpo-constants[0m (17.1.6)
- [32mexpo-file-system[0m (18.1.10)
  - [32mexpo-image-loader[0m (4.7.0)
  - [32mexpo-linking[0m (7.1.5)
- [32mexpo-modules-core[0m (2.3.13)
> Configure project :expo-sqlite
Checking the license for package NDK (Side by side) 27.0.12077973 in /home/expo/Android/Sdk/licenses
License for package NDK (Side by side) 27.0.12077973 accepted.
Preparing "Install NDK (Side by side) 27.0.12077973 v.27.0.12077973".
"Install NDK (Side by side) 27.0.12077973 v.27.0.12077973" ready.
Installing NDK (Side by side) 27.0.12077973 in /home/expo/Android/Sdk/ndk/27.0.12077973
"Install NDK (Side by side) 27.0.12077973 v.27.0.12077973" complete.
"Install NDK (Side by side) 27.0.12077973 v.27.0.12077973" finished.
> Configure project :expo
  - [32mexpo-sqlite[0m (15.2.10)
  - [33m[ðŸ“¦][0m [32mexpo-asset[0m (11.1.5)
  - [33m[ðŸ“¦][0m [32mexpo-blur[0m (14.1.4)
  - [33m[ðŸ“¦][0m [32mexpo-camera[0m (16.1.6)
  - [33m[ðŸ“¦][0m [32mexpo-font[0m (13.3.1)
  - [33m[ðŸ“¦][0m [32mexpo-haptics[0m (14.1.4)
  - [33m[ðŸ“¦][0m [32mexpo-image[0m (2.1.7)
  - [33m[ðŸ“¦][0m [32mexpo-keep-awake[0m (14.1.4)
  - [33m[ðŸ“¦][0m [32mexpo-linear-gradient[0m (14.1.4)
  - [33m[ðŸ“¦][0m [32mexpo-print[0m (14.1.4)
  - [33m[ðŸ“¦][0m [32mexpo-sharing[0m (13.1.5)
  - [33m[ðŸ“¦][0m [32mexpo-splash-screen[0m (0.30.8)
  - [33m[ðŸ“¦][0m [32mexpo-system-ui[0m (5.0.7)
  - [33m[ðŸ“¦][0m [32mexpo-web-browser[0m (14.1.6)
> Configure project :react-native-reanimated
Android gradle plugin: 8.8.2
Gradle: 8.13
> Task :expo-barcode-scanner:preBuild UP-TO-DATE
> Task :expo-barcode-scanner:preReleaseBuild UP-TO-DATE
> Task :expo-barcode-scanner:generateReleaseResValues
> Task :expo-barcode-scanner:generateReleaseResources
> Task :expo-barcode-scanner:packageReleaseResources
> Task :expo-file-system:preBuild UP-TO-DATE
> Task :expo-file-system:preReleaseBuild UP-TO-DATE
> Task :expo-file-system:generateReleaseResValues
> Task :expo-file-system:generateReleaseResources
> Task :expo-file-system:packageReleaseResources
> Task :expo-image-loader:preBuild
UP-TO-DATE
> Task :expo-image-loader:preReleaseBuild UP-TO-DATE
> Task :expo-image-loader:generateReleaseResValues
> Task :expo-image-loader:generateReleaseResources
> Task :expo-image-loader:packageReleaseResources
> Task :expo-linking:preBuild UP-TO-DATE
> Task :expo-linking:preReleaseBuild UP-TO-DATE
> Task :expo-linking:generateReleaseResValues
> Task :expo-linking:generateReleaseResources
> Task :expo-linking:packageReleaseResources
> Task :expo-modules-core:preBuild UP-TO-DATE
> Task :expo-modules-core:preReleaseBuild UP-TO-DATE
> Task :expo-modules-core:generateReleaseResValues
> Task :expo-modules-core:generateReleaseResources
> Task :expo-modules-core:packageReleaseResources
> Task :expo-sqlite:preBuild UP-TO-DATE
> Task :expo-sqlite:preReleaseBuild UP-TO-DATE
> Task :expo-sqlite:generateReleaseResValues
> Task :expo-sqlite:generateReleaseResources
> Task :expo-sqlite:packageReleaseResources
> Task :expo-constants:createExpoConfig
> Task :expo-constants:preBuild
> Task :expo-constants:preReleaseBuild
> Task :expo-constants:generateReleaseResValues
> Task :expo-constants:generateReleaseResources
> Task :expo:generatePackagesList
> Task :expo:preBuild
> Task :expo:preReleaseBuild
> Task :expo:generateReleaseResValues
> Task :expo-constants:packageReleaseResources
> Task :expo:generateReleaseResources
> Task :react-native-camera:preBuild UP-TO-DATE
> Task :react-native-camera:preGeneralReleaseBuild UP-TO-DATE
> Task :react-native-camera:generateGeneralReleaseResValues
> Task :expo:packageReleaseResources
> Task :react-native-camera:generateGeneralReleaseResources
The NODE_ENV environment variable is required but was not specified. Ensure the project is bundled with Expo CLI or NODE_ENV is set. Using only .env.local and .env
> Task :react-native-camera:packageGeneralReleaseResources
> Task :react-native-async-storage_async-storage:generateCodegenSchemaFromJavaScript
> Task :react-native-edge-to-edge:generateCodegenSchemaFromJavaScript
> Task :react-native-gesture-handler:generateCodegenSchemaFromJavaScript
> Task :react-native-async-storage_async-storage:generateCodegenArtifactsFromSchema
> Task :react-native-async-storage_async-storage:preBuild
> Task :react-native-async-storage_async-storage:preReleaseBuild
> Task :react-native-async-storage_async-storage:generateReleaseResValues
> Task :react-native-async-storage_async-storage:generateReleaseResources
> Task :react-native-async-storage_async-storage:packageReleaseResources
> Task :react-native-reanimated:assertMinimalReactNativeVersionTask SKIPPED
> Task :react-native-edge-to-edge:generateCodegenArtifactsFromSchema
> Task :react-native-edge-to-edge:preBuild
> Task :react-native-edge-to-edge:preReleaseBuild
> Task :react-native-edge-to-edge:generateReleaseResValues
> Task :react-native-edge-to-edge:generateReleaseResources
> Task :react-native-edge-to-edge:packageReleaseResources
> Task :react-native-gesture-handler:generateCodegenArtifactsFromSchema
> Task :react-native-gesture-handler:preBuild
> Task :react-native-gesture-handler:preReleaseBuild
> Task :react-native-gesture-handler:generateReleaseResValues
> Task :react-native-gesture-handler:generateReleaseResources
> Task :react-native-gesture-handler:packageReleaseResources
> Task :react-native-reanimated:generateCodegenSchemaFromJavaScript
> Task :react-native-safe-area-context:generateCodegenSchemaFromJavaScript
> Task :react-native-screens:generateCodegenSchemaFromJavaScript
> Task :react-native-reanimated:generateCodegenArtifactsFromSchema
> Task :react-native-reanimated:prepareReanimatedHeadersForPrefabs
> Task :react-native-reanimated:prepareWorkletsHeadersForPrefabs
> Task :react-native-reanimated:preBuild
> Task :react-native-reanimated:preReleaseBuild
> Task :react-native-reanimated:generateReleaseResValues
> Task :react-native-reanimated:generateReleaseResources
> Task :react-native-reanimated:packageReleaseResources
> Task :react-native-sqlite-storage:preBuild UP-TO-DATE
> Task :react-native-sqlite-storage:preReleaseBuild UP-TO-DATE
> Task :react-native-safe-area-context:generateCodegenArtifactsFromSchema
> Task :react-native-safe-area-context:preBuild
> Task :react-native-safe-area-context:preReleaseBuild
> Task :react-native-safe-area-context:generateReleaseResValues
> Task :react-native-sqlite-storage:generateReleaseResValues
> Task :react-native-safe-area-context:generateReleaseResources
> Task :react-native-sqlite-storage:generateReleaseResources
> Task :react-native-sqlite-storage:packageReleaseResources
> Task :react-native-safe-area-context:packageReleaseResources
> Task :expo:extractDeepLinksRelease
> Task :react-native-screens:generateCodegenArtifactsFromSchema
> Task :react-native-screens:preBuild
> Task :react-native-screens:preReleaseBuild
> Task :react-native-screens:generateReleaseResValues
> Task :react-native-screens:generateReleaseResources
> Task :react-native-screens:packageReleaseResources
> Task :expo-barcode-scanner:extractDeepLinksRelease
> Task :expo:processReleaseManifest
> Task :expo-constants:extractDeepLinksRelease
> Task :expo-barcode-scanner:processReleaseManifest
> Task :expo-file-system:extractDeepLinksRelease
> Task :expo-constants:processReleaseManifest
> Task :expo-image-loader:extractDeepLinksRelease
> Task :expo-image-loader:processReleaseManifest
> Task :expo-linking:extractDeepLinksRelease
> Task :expo-linking:processReleaseManifest
> Task :expo-file-system:processReleaseManifest
/home/expo/workingdir/build/node_modules/expo-file-system/android/src/main/AndroidManifest.xml:6:9-8:20 Warning:
	provider#expo.modules.filesystem.FileSystemFileProvider@android:authorities was tagged at AndroidManifest.xml:6 to replace other declarations but no other declaration present
> Task :expo-sqlite:extractDeepLinksRelease
> Task :expo-modules-core:extractDeepLinksRelease
> Task :expo-modules-core:processReleaseManifest
/home/expo/workingdir/build/node_modules/expo-modules-core/android/src/main/AndroidManifest.xml:8:9-11:45 Warning:
	meta-data#com.facebook.soloader.enabled@android:value was tagged at AndroidManifest.xml:8 to replace other declarations but no other declaration present
> Task :react-native-async-storage_async-storage:extractDeepLinksRelease
> Task :expo-sqlite:processReleaseManifest
> Task :react-native-webview:generateCodegenSchemaFromJavaScript
> Task :react-native-async-storage_async-storage:processReleaseManifest
package="com.reactnativecommunity.asyncstorage" found in source AndroidManifest.xml: /home/expo/workingdir/build/node_modules/@react-native-async-storage/async-storage/android/src/main/AndroidManifest.xml.
Setting the namespace via the package attribute in the source AndroidManifest.xml is no longer supported, and the value is ignored.
Recommendation: remove package="com.reactnativecommunity.asyncstorage" from the source AndroidManifest.xml: /home/expo/workingdir/build/node_modules/@react-native-async-storage/async-storage/android/src/main/AndroidManifest.xml.
> Task :react-native-camera:extractDeepLinksGeneralRelease
> Task :react-native-edge-to-edge:extractDeepLinksRelease
> Task :react-native-edge-to-edge:processReleaseManifest
> Task :react-native-camera:processGeneralReleaseManifest
package="org.reactnative.camera" found in source AndroidManifest.xml: /home/expo/workingdir/build/node_modules/react-native-camera/android/src/main/AndroidManifest.xml.
Setting the namespace via the package attribute in the source AndroidManifest.xml is no longer supported, and the value is ignored.
Recommendation: remove package="org.reactnative.camera" from the source AndroidManifest.xml: /home/expo/workingdir/build/node_modules/react-native-camera/android/src/main/AndroidManifest.xml.
> Task :react-native-gesture-handler:extractDeepLinksRelease
> Task :react-native-reanimated:extractDeepLinksRelease
> Task :react-native-gesture-handler:processReleaseManifest
> Task :react-native-reanimated:processReleaseManifest
> Task :react-native-safe-area-context:extractDeepLinksRelease
> Task :react-native-screens:extractDeepLinksRelease
> Task :react-native-screens:processReleaseManifest
> Task :react-native-sqlite-storage:extractDeepLinksRelease
> Task :react-native-safe-area-context:processReleaseManifest
package="com.th3rdwave.safeareacontext" found in source AndroidManifest.xml: /home/expo/workingdir/build/node_modules/react-native-safe-area-context/android/src/main/AndroidManifest.xml.
Setting the namespace via the package attribute in the source AndroidManifest.xml is no longer supported, and the value is ignored.
Recommendation: remove package="com.th3rdwave.safeareacontext" from the source AndroidManifest.xml: /home/expo/workingdir/build/node_modules/react-native-safe-area-context/android/src/main/AndroidManifest.xml.
> Task :react-native-sqlite-storage:processReleaseManifest
package="org.pgsqlite" found in source AndroidManifest.xml: /home/expo/workingdir/build/node_modules/react-native-sqlite-storage/platforms/android/src/main/AndroidManifest.xml.
Setting the namespace via the package attribute in the source AndroidManifest.xml is no longer supported, and the value is ignored.
Recommendation: remove package="org.pgsqlite" from the source AndroidManifest.xml: /home/expo/workingdir/build/node_modules/react-native-sqlite-storage/platforms/android/src/main/AndroidManifest.xml.
> Task :expo-barcode-scanner:writeReleaseAarMetadata
> Task :expo-constants:writeReleaseAarMetadata
> Task :expo:writeReleaseAarMetadata
> Task :expo-file-system:writeReleaseAarMetadata
> Task :expo-image-loader:writeReleaseAarMetadata
> Task :expo-linking:writeReleaseAarMetadata
> Task :expo-modules-core:writeReleaseAarMetadata
> Task :expo-sqlite:writeReleaseAarMetadata
> Task :react-native-camera:writeGeneralReleaseAarMetadata
> Task :react-native-async-storage_async-storage:writeReleaseAarMetadata
> Task :react-native-edge-to-edge:writeReleaseAarMetadata
> Task :react-native-gesture-handler:writeReleaseAarMetadata
> Task :react-native-reanimated:writeReleaseAarMetadata
> Task :react-native-safe-area-context:writeReleaseAarMetadata
> Task :react-native-screens:writeReleaseAarMetadata
> Task :react-native-sqlite-storage:writeReleaseAarMetadata
> Task :react-native-webview:generateCodegenArtifactsFromSchema
> Task :react-native-webview:preBuild
> Task :react-native-webview:preReleaseBuild
> Task :react-native-webview:generateReleaseResValues
> Task :react-native-webview:generateReleaseResources
> Task :react-native-webview:packageReleaseResources
> Task :react-native-webview:extractDeepLinksRelease
> Task :react-native-webview:processReleaseManifest
> Task :react-native-webview:writeReleaseAarMetadata
> Task :app:createBundleGeneralReleaseJsAndAssets
Starting Metro Bundler
> Task :expo-constants:compileReleaseLibraryResources
> Task :expo:compileReleaseLibraryResources
> Task :expo-barcode-scanner:compileReleaseLibraryResources
> Task :expo-barcode-scanner:parseReleaseLocalResources
> Task :expo-constants:parseReleaseLocalResources
> Task :expo:parseReleaseLocalResources
> Task :expo-constants:generateReleaseRFile
> Task :expo:generateReleaseRFile
> Task :expo-barcode-scanner:generateReleaseRFile
> Task :expo-linking:compileReleaseLibraryResources
> Task :expo-image-loader:compileReleaseLibraryResources
> Task :expo-image-loader:parseReleaseLocalResources
> Task :expo-file-system:parseReleaseLocalResources
> Task :expo-image-loader:generateReleaseRFile
> Task :expo-file-system:generateReleaseRFile
> Task :expo-modules-core:compileReleaseLibraryResources
> Task :expo-linking:parseReleaseLocalResources
> Task :expo-linking:generateReleaseRFile
> Task :expo-modules-core:parseReleaseLocalResources
> Task :expo-sqlite:compileReleaseLibraryResources
> Task :expo-sqlite:parseReleaseLocalResources
> Task :expo-modules-core:generateReleaseRFile
> Task :react-native-async-storage_async-storage:compileReleaseLibraryResources
> Task :expo-sqlite:generateReleaseRFile
> Task :react-native-async-storage_async-storage:parseReleaseLocalResources
> Task :react-native-camera:compileGeneralReleaseLibraryResources
> Task :expo-file-system:compileReleaseLibraryResources
> Task :react-native-async-storage_async-storage:generateReleaseRFile
> Task :react-native-edge-to-edge:compileReleaseLibraryResources
> Task :react-native-gesture-handler:compileReleaseLibraryResources
> Task :react-native-camera:parseGeneralReleaseLocalResources
> Task :react-native-gesture-handler:parseReleaseLocalResources
> Task :react-native-edge-to-edge:parseReleaseLocalResources
> Task :react-native-gesture-handler:generateReleaseRFile
> Task :react-native-camera:generateGeneralReleaseRFile
> Task :react-native-reanimated:compileReleaseLibraryResources
> Task :react-native-safe-area-context:compileReleaseLibraryResources
> Task :react-native-edge-to-edge:generateReleaseRFile
> Task :react-native-reanimated:parseReleaseLocalResources
> Task :react-native-safe-area-context:parseReleaseLocalResources
> Task :react-native-safe-area-context:generateReleaseRFile
> Task :react-native-reanimated:generateReleaseRFile
> Task :react-native-screens:parseReleaseLocalResources
> Task :react-native-screens:compileReleaseLibraryResources
> Task :react-native-sqlite-storage:compileReleaseLibraryResources
> Task :react-native-webview:compileReleaseLibraryResources
> Task :react-native-screens:generateReleaseRFile
> Task :react-native-gesture-handler:checkKotlinGradlePluginConfigurationErrors SKIPPED
> Task :react-native-sqlite-storage:parseReleaseLocalResources
> Task :react-native-sqlite-storage:generateReleaseRFile
> Task :react-native-gesture-handler:generateReleaseBuildConfig
> Task :react-native-reanimated:generateReleaseBuildConfig
> Task :react-native-webview:parseReleaseLocalResources
> Task :react-native-reanimated:javaPreCompileRelease
> Task :react-native-gesture-handler:javaPreCompileRelease
> Task :react-native-safe-area-context:checkKotlinGradlePluginConfigurationErrors SKIPPED
> Task :react-native-reanimated:packageNdkLibs NO-SOURCE
> Task :react-native-safe-area-context:generateReleaseBuildConfig
> Task :react-native-webview:generateReleaseRFile
> Task :react-native-screens:checkKotlinGradlePluginConfigurationErrors SKIPPED
> Task :react-native-screens:generateReleaseBuildConfig
> Task :app:createBundleGeneralReleaseJsAndAssets
Android node_modules/expo-router/entry.js â–“â–“â–“â–“â–“â–“â–“â–“â–“â–“â–“â–“â–“â–“â–“â–‘ 99.9% (1351/1351)
Android Bundled 2063ms node_modules/expo-router/entry.js (1351 modules)
Writing bundle output to: /home/expo/workingdir/build/android/app/build/generated/assets/createBundleGeneralReleaseJsAndAssets/index.android.bundle
Writing sourcemap output to: /home/expo/workingdir/build/android/app/build/intermediates/sourcemaps/react/generalRelease/index.android.bundle.packager.map
Copying 48 asset files
Done writing bundle output
Done writing sourcemap output
> Task :react-native-safe-area-context:compileReleaseKotlin
w: file:///home/expo/workingdir/build/node_modules/react-native-safe-area-context/android/src/main/java/com/th3rdwave/safeareacontext/SafeAreaView.kt:59:23 'val uiImplementation: UIImplementation!' is deprecated. Deprecated in Java.
> Task :react-native-reanimated:compileReleaseJavaWithJavac
Note: Some input files use or override a deprecated API.
Note: Recompile with -Xlint:deprecation for details.
Note: Some input files use unchecked or unsafe operations.
Note: Recompile with -Xlint:unchecked for details.
> Task :react-native-safe-area-context:javaPreCompileRelease
> Task :react-native-safe-area-context:compileReleaseJavaWithJavac
> Task :react-native-safe-area-context:bundleLibRuntimeToDirRelease
> Task :react-native-reanimated:bundleLibCompileToJarRelease
> Task :app:generateAutolinkingNewArchitectureFiles
> Task :app:generateAutolinkingPackageList
> Task :app:generateCodegenSchemaFromJavaScript SKIPPED
> Task :app:generateCodegenArtifactsFromSchema SKIPPED
> Task :app:preBuild
> Task :app:preGeneralReleaseBuild
> Task :app:generateGeneralReleaseResValues
> Task :react-native-screens:compileReleaseKotlin
w: file:///home/expo/workingdir/build/node_modules/react-native-screens/android/src/main/java/com/swmansion/rnscreens/CustomToolbar.kt:41:33 'class FrameCallback : Choreographer.FrameCallback' is deprecated. Use Choreographer.FrameCallback instead.
w: file:///home/expo/workingdir/build/node_modules/react-native-screens/android/src/main/java/com/swmansion/rnscreens/CustomToolbar.kt:42:18 'class FrameCallback : Choreographer.FrameCallback' is deprecated. Use Choreographer.FrameCallback instead.
w: file:///home/expo/workingdir/build/node_modules/react-native-screens/android/src/main/java/com/swmansion/rnscreens/RNScreensPackage.kt:66:17 'constructor(name: String, className: String, canOverrideExistingModule: Boolean, needsEagerInit: Boolean, hasConstants: Boolean, isCxxModule: Boolean, isTurboModule: Boolean): ReactModuleInfo' is deprecated. This constructor is deprecated and will be removed in the future. Use ReactModuleInfo(String, String, boolean, boolean, boolean, boolean)].
w: file:///home/expo/workingdir/build/node_modules/react-native-screens/android/src/main/java/com/swmansion/rnscreens/Screen.kt:48:77 Unchecked cast of '(androidx.coordinatorlayout.widget.CoordinatorLayout.Behavior<android.view.View!>?..androidx.coordinatorlayout.widget.CoordinatorLayout.Behavior<*>?)' to 'com.google.android.material.bottomsheet.BottomSheetBehavior<com.swmansion.rnscreens.Screen>'.
w: file:///home/expo/workingdir/build/node_modules/react-native-screens/android/src/main/java/com/swmansion/rnscreens/ScreenContainer.kt:33:33 'class FrameCallback : Choreographer.FrameCallback' is deprecated. Use Choreographer.FrameCallback instead.
w: file:///home/expo/workingdir/build/node_modules/react-native-screens/android/src/main/java/com/swmansion/rnscreens/ScreenContainer.kt:34:18 'class FrameCallback : Choreographer.FrameCallback' is deprecated. Use Choreographer.FrameCallback instead.
w: file:///home/expo/workingdir/build/node_modules/react-native-screens/android/src/main/java/com/swmansion/rnscreens/ScreenStackFragment.kt:216:31 'var targetElevation: Float' is deprecated. Deprecated in Java.
w: file:///home/expo/workingdir/build/node_modules/react-native-screens/android/src/main/java/com/swmansion/rnscreens/ScreenStackFragment.kt:219:13 'fun setHasOptionsMenu(p0: Boolean): Unit' is deprecated. Deprecated in Java.
w: file:///home/expo/workingdir/build/node_modules/react-native-screens/android/src/main/java/com/swmansion/rnscreens/ScreenStackFragment.kt:379:18 This declaration overrides a deprecated member but is not marked as deprecated itself. Please add the '@Deprecated' annotation or suppress the diagnostic.
w: file:///home/expo/workingdir/build/node_modules/react-native-screens/android/src/main/java/com/swmansion/rnscreens/ScreenStackFragment.kt:386:22 'fun onPrepareOptionsMenu(p0: Menu): Unit' is deprecated. Deprecated in Java.
w: file:///home/expo/workingdir/build/node_modules/react-native-screens/android/src/main/java/com/swmansion/rnscreens/ScreenStackFragment.kt:389:18 This declaration overrides a deprecated member but is not marked as deprecated itself. Please add the '@Deprecated' annotation or suppress the diagnostic.
w: file:///home/expo/workingdir/build/node_modules/react-native-screens/android/src/main/java/com/swmansion/rnscreens/ScreenStackFragment.kt:394:22 'fun onCreateOptionsMenu(p0: Menu, p1: MenuInflater): Unit' is deprecated. Deprecated in Java.
w: file:///home/expo/workingdir/build/node_modules/react-native-screens/android/src/main/java/com/swmansion/rnscreens/ScreenStackHeaderConfigViewManager.kt:7:8 'class MapBuilder : Any' is deprecated. Deprecated in Java.
w: file:///home/expo/workingdir/build/node_modules/react-native-screens/android/src/main/java/com/swmansion/rnscreens/ScreenStackHeaderConfigViewManager.kt:210:9 'class MapBuilder : Any' is deprecated. Deprecated in Java.
w: file:///home/expo/workingdir/build/node_modules/react-native-screens/android/src/main/java/com/swmansion/rnscreens/ScreenStackHeaderConfigViewManager.kt:212:13 'class MapBuilder : Any' is deprecated. Deprecated in Java.
w: file:///home/expo/workingdir/build/node_modules/react-native-screens/android/src/main/java/com/swmansion/rnscreens/ScreenStackHeaderConfigViewManager.kt:214:13 'class MapBuilder : Any' is deprecated. Deprecated in Java.
w: file:///home/expo/workingdir/build/node_modules/react-native-screens/android/src/main/java/com/swmansion/rnscreens/ScreenViewManager.kt:7:8 'class MapBuilder : Any' is deprecated. Deprecated in Java.
w: file:///home/expo/workingdir/build/node_modules/react-native-screens/android/src/main/java/com/swmansion/rnscreens/ScreenViewManager.kt:382:48 'class MapBuilder : Any' is deprecated. Deprecated in Java.
w: file:///home/expo/workingdir/build/node_modules/react-native-screens/android/src/main/java/com/swmansion/rnscreens/ScreenViewManager.kt:383:49 'class MapBuilder : Any' is deprecated. Deprecated in Java.
w: file:///home/expo/workingdir/build/node_modules/react-native-screens/android/src/main/java/com/swmansion/rnscreens/ScreenViewManager.kt:384:45 'class MapBuilder : Any' is deprecated. Deprecated in Java.
w: file:///home/expo/workingdir/build/node_modules/react-native-screens/android/src/main/java/com/swmansion/rnscreens/ScreenViewManager.kt:385:52 'class MapBuilder : Any' is deprecated. Deprecated in Java.
w: file:///home/expo/workingdir/build/node_modules/react-native-screens/android/src/main/java/com/swmansion/rnscreens/ScreenViewManager.kt:386:48 'class MapBuilder : Any' is deprecated. Deprecated in Java.
w: file:///home/expo/workingdir/build/node_modules/react-native-screens/android/src/main/java/com/swmansion/rnscreens/ScreenViewManager.kt:387:51 'class MapBuilder : Any' is deprecated. Deprecated in Java.
w: file:///home/expo/workingdir/build/node_modules/react-native-screens/android/src/main/java/com/swmansion/rnscreens/ScreenViewManager.kt:388:56 'class MapBuilder : Any' is deprecated. Deprecated in Java.
w: file:///home/expo/workingdir/build/node_modules/react-native-screens/android/src/main/java/com/swmansion/rnscreens/ScreenViewManager.kt:389:57 'class MapBuilder : Any' is deprecated. Deprecated in Java.
w: file:///home/expo/workingdir/build/node_modules/react-native-screens/android/src/main/java/com/swmansion/rnscreens/ScreenViewManager.kt:390:51 'class MapBuilder : Any' is deprecated. Deprecated in Java.
w: file:///home/expo/workingdir/build/node_modules/react-native-screens/android/src/main/java/com/swmansion/rnscreens/ScreenWindowTraits.kt:55:42 'fun replaceSystemWindowInsets(p0: Int, p1: Int, p2: Int, p3: Int): WindowInsetsCompat' is deprecated. Deprecated in Java.
w: file:///home/expo/workingdir/build/node_modules/react-native-screens/android/src/main/java/com/swmansion/rnscreens/ScreenWindowTraits.kt:56:39 'val systemWindowInsetLeft: Int' is deprecated. Deprecated in Java.
w: file:///home/expo/workingdir/build/node_modules/react-native-screens/android/src/main/java/com/swmansion/rnscreens/ScreenWindowTraits.kt:58:39 'val systemWindowInsetRight: Int' is deprecated. Deprecated in Java.
w: file:///home/expo/workingdir/build/node_modules/react-native-screens/android/src/main/java/com/swmansion/rnscreens/ScreenWindowTraits.kt:59:39 'val systemWindowInsetBottom: Int' is deprecated. Deprecated in Java.
w: file:///home/expo/workingdir/build/node_modules/react-native-screens/android/src/main/java/com/swmansion/rnscreens/ScreenWindowTraits.kt:98:53 'var statusBarColor: Int' is deprecated. Deprecated in Java.
w: file:///home/expo/workingdir/build/node_modules/react-native-screens/android/src/main/java/com/swmansion/rnscreens/ScreenWindowTraits.kt:109:48 'var statusBarColor: Int' is deprecated. Deprecated in Java.
w: file:///home/expo/workingdir/build/node_modules/react-native-screens/android/src/main/java/com/swmansion/rnscreens/ScreenWindowTraits.kt:112:32 'var statusBarColor: Int' is deprecated. Deprecated in Java.
w: file:///home/expo/workingdir/build/node_modules/react-native-screens/android/src/main/java/com/swmansion/rnscreens/ScreenWindowTraits.kt:208:72 'var navigationBarColor: Int' is deprecated. Deprecated in Java.
w: file:///home/expo/workingdir/build/node_modules/react-native-screens/android/src/main/java/com/swmansion/rnscreens/ScreenWindowTraits.kt:214:16 'var navigationBarColor: Int' is deprecated. Deprecated in Java.
w: file:///home/expo/workingdir/build/node_modules/react-native-screens/android/src/main/java/com/swmansion/rnscreens/SearchBarManager.kt:5:8 'class MapBuilder : Any' is deprecated. Deprecated in Java.
w: file:///home/expo/workingdir/build/node_modules/react-native-screens/android/src/main/java/com/swmansion/rnscreens/SearchBarManager.kt:142:9 'class MapBuilder : Any' is deprecated. Deprecated in Java.
w: file:///home/expo/workingdir/build/node_modules/react-native-screens/android/src/main/java/com/swmansion/rnscreens/SearchBarManager.kt:144:13 'class MapBuilder : Any' is deprecated. Deprecated in Java.
w: file:///home/expo/workingdir/build/node_modules/react-native-screens/android/src/main/java/com/swmansion/rnscreens/SearchBarManager.kt:146:13 'class MapBuilder : Any' is deprecated. Deprecated in Java.
w: file:///home/expo/workingdir/build/node_modules/react-native-screens/android/src/main/java/com/swmansion/rnscreens/SearchBarManager.kt:148:13 'class MapBuilder : Any' is deprecated. Deprecated in Java.
w: file:///home/expo/workingdir/build/node_modules/react-native-screens/android/src/main/java/com/swmansion/rnscreens/SearchBarManager.kt:150:13 'class MapBuilder : Any' is deprecated. Deprecated in Java.
w: file:///home/expo/workingdir/build/node_modules/react-native-screens/android/src/main/java/com/swmansion/rnscreens/SearchBarManager.kt:152:13 'class MapBuilder : Any' is deprecated. Deprecated in Java.
w: file:///home/expo/workingdir/build/node_modules/react-native-screens/android/src/main/java/com/swmansion/rnscreens/SearchBarManager.kt:154:13 'class MapBuilder : Any' is deprecated. Deprecated in Java.
w: file:///home/expo/workingdir/build/node_modules/react-native-screens/android/src/main/java/com/swmansion/rnscreens/bottomsheet/BottomSheetDialogRootView.kt:7:8 'object ReactFeatureFlags : Any' is deprecated. Use com.facebook.react.internal.featureflags.ReactNativeFeatureFlags instead.
w: file:///home/expo/workingdir/build/node_modules/react-native-screens/android/src/main/java/com/swmansion/rnscreens/bottomsheet/BottomSheetDialogRootView.kt:25:13 'object ReactFeatureFlags : Any' is deprecated. Use com.facebook.react.internal.featureflags.ReactNativeFeatureFlags instead.
> Task :react-native-screens:javaPreCompileRelease
> Task :react-native-webview:checkKotlinGradlePluginConfigurationErrors SKIPPED
> Task :react-native-webview:generateReleaseBuildConfig
> Task :react-native-gesture-handler:compileReleaseKotlin
> Task :react-native-gesture-handler:compileReleaseJavaWithJavac
> Task :react-native-gesture-handler:bundleLibRuntimeToDirRelease
> Task :app:mapGeneralReleaseSourceSetPaths
> Task :app:generateGeneralReleaseResources
> Task :react-native-screens:compileReleaseJavaWithJavac
> Task :react-native-screens:bundleLibRuntimeToDirRelease
> Task :react-native-webview:compileReleaseKotlin
w: file:///home/expo/workingdir/build/node_modules/react-native-webview/android/src/main/java/com/reactnativecommunity/webview/RNCWebViewManagerImpl.kt:22:8 'class MapBuilder : Any' is deprecated. Deprecated in Java.
w: file:///home/expo/workingdir/build/node_modules/react-native-webview/android/src/main/java/com/reactnativecommunity/webview/RNCWebViewManagerImpl.kt:82:18 'var allowFileAccessFromFileURLs: Boolean' is deprecated. Deprecated in Java.
w: file:///home/expo/workingdir/build/node_modules/react-native-webview/android/src/main/java/com/reactnativecommunity/webview/RNCWebViewManagerImpl.kt:83:18 'var allowUniversalAccessFromFileURLs: Boolean' is deprecated. Deprecated in Java.
w: file:///home/expo/workingdir/build/node_modules/react-native-webview/android/src/main/java/com/reactnativecommunity/webview/RNCWebViewManagerImpl.kt:125:21 'fun allowScanningByMediaScanner(): Unit' is deprecated. Deprecated in Java.
w: file:///home/expo/workingdir/build/node_modules/react-native-webview/android/src/main/java/com/reactnativecommunity/webview/RNCWebViewManagerImpl.kt:162:36 'var systemUiVisibility: Int' is deprecated. Deprecated in Java.
w: file:///home/expo/workingdir/build/node_modules/react-native-webview/android/src/main/java/com/reactnativecommunity/webview/RNCWebViewManagerImpl.kt:301:14 'class MapBuilder : Any' is deprecated. Deprecated in Java.
w: file:///home/expo/workingdir/build/node_modules/react-native-webview/android/src/main/java/com/reactnativecommunity/webview/RNCWebViewManagerImpl.kt:351:34 Condition is always 'true'.
w: file:///home/expo/workingdir/build/node_modules/react-native-webview/android/src/main/java/com/reactnativecommunity/webview/RNCWebViewManagerImpl.kt:370:38 'var allowUniversalAccessFromFileURLs: Boolean' is deprecated. Deprecated in Java.
w: file:///home/expo/workingdir/build/node_modules/react-native-webview/android/src/main/java/com/reactnativecommunity/webview/RNCWebViewManagerImpl.kt:431:51 Unchecked cast of 'kotlin.Any?' to 'java.util.HashMap<kotlin.String, kotlin.String>'.
w: file:///home/expo/workingdir/build/node_modules/react-native-webview/android/src/main/java/com/reactnativecommunity/webview/RNCWebViewManagerImpl.kt:487:23 'var savePassword: Boolean' is deprecated. Deprecated in Java.
w: file:///home/expo/workingdir/build/node_modules/react-native-webview/android/src/main/java/com/reactnativecommunity/webview/RNCWebViewManagerImpl.kt:488:23 'var saveFormData: Boolean' is deprecated. Deprecated in Java.
w: file:///home/expo/workingdir/build/node_modules/react-native-webview/android/src/main/java/com/reactnativecommunity/webview/RNCWebViewManagerImpl.kt:558:23 'var allowFileAccessFromFileURLs: Boolean' is deprecated. Deprecated in Java.
w: file:///home/expo/workingdir/build/node_modules/react-native-webview/android/src/main/java/com/reactnativecommunity/webview/RNCWebViewManagerImpl.kt:659:65 Unchecked cast of 'java.util.ArrayList<kotlin.Any?>' to 'kotlin.collections.List<kotlin.collections.Map<kotlin.String, kotlin.String>>'.
w: file:///home/expo/workingdir/build/node_modules/react-native-webview/android/src/main/java/com/reactnativecommunity/webview/RNCWebViewManagerImpl.kt:680:23 'var saveFormData: Boolean' is deprecated. Deprecated in Java.
w: file:///home/expo/workingdir/build/node_modules/react-native-webview/android/src/main/java/com/reactnativecommunity/webview/events/TopCustomMenuSelectionEvent.kt:5:8 'interface RCTEventEmitter : JavaScriptModule' is deprecated. Use [RCTModernEventEmitter] instead.
w: file:///home/expo/workingdir/build/node_modules/react-native-webview/android/src/main/java/com/reactnativecommunity/webview/events/TopCustomMenuSelectionEvent.kt:11:3 'constructor<T : (Event<Event<*>!>..Event<*>?)>(p0: Int): Event<T>' is deprecated. Deprecated in Java.
w: file:///home/expo/workingdir/build/node_modules/react-native-webview/android/src/main/java/com/reactnativecommunity/webview/events/TopCustomMenuSelectionEvent.kt:22:16 This declaration overrides a deprecated member but is not marked as deprecated itself. Please add the '@Deprecated' annotation or suppress the diagnostic.
w: file:///home/expo/workingdir/build/node_modules/react-native-webview/android/src/main/java/com/reactnativecommunity/webview/events/TopCustomMenuSelectionEvent.kt:22:42 'interface RCTEventEmitter : JavaScriptModule' is deprecated. Use [RCTModernEventEmitter] instead.
w: file:///home/expo/workingdir/build/node_modules/react-native-webview/android/src/main/java/com/reactnativecommunity/webview/events/TopCustomMenuSelectionEvent.kt:23:21 'fun receiveEvent(targetTag: Int, eventName: String, params: WritableMap?): Unit' is deprecated. Use [RCTModernEventEmitter.receiveEvent] instead.
w: file:///home/expo/workingdir/build/node_modules/react-native-webview/android/src/main/java/com/reactnativecommunity/webview/events/TopHttpErrorEvent.kt:5:8 'interface RCTEventEmitter : JavaScriptModule' is deprecated. Use [RCTModernEventEmitter] instead.
w: file:///home/expo/workingdir/build/node_modules/react-native-webview/android/src/main/java/com/reactnativecommunity/webview/events/TopHttpErrorEvent.kt:11:3 'constructor<T : (Event<Event<*>!>..Event<*>?)>(p0: Int): Event<T>' is deprecated. Deprecated in Java.
w: file:///home/expo/workingdir/build/node_modules/react-native-webview/android/src/main/java/com/reactnativecommunity/webview/events/TopHttpErrorEvent.kt:22:16 This declaration overrides a deprecated member but is not marked as deprecated itself. Please add the '@Deprecated' annotation or suppress the diagnostic.
w: file:///home/expo/workingdir/build/node_modules/react-native-webview/android/src/main/java/com/reactnativecommunity/webview/events/TopHttpErrorEvent.kt:22:42 'interface RCTEventEmitter : JavaScriptModule' is deprecated. Use [RCTModernEventEmitter] instead.
w: file:///home/expo/workingdir/build/node_modules/react-native-webview/android/src/main/java/com/reactnativecommunity/webview/events/TopHttpErrorEvent.kt:23:21 'fun receiveEvent(targetTag: Int, eventName: String, params: WritableMap?): Unit' is deprecated. Use [RCTModernEventEmitter.receiveEvent] instead.
w: file:///home/expo/workingdir/build/node_modules/react-native-webview/android/src/main/java/com/reactnativecommunity/webview/events/TopLoadingErrorEvent.kt:5:8 'interface RCTEventEmitter : JavaScriptModule' is deprecated. Use [RCTModernEventEmitter] instead.
w: file:///home/expo/workingdir/build/node_modules/react-native-webview/android/src/main/java/com/reactnativecommunity/webview/events/TopLoadingErrorEvent.kt:11:3 'constructor<T : (Event<Event<*>!>..Event<*>?)>(p0: Int): Event<T>' is deprecated. Deprecated in Java.
w: file:///home/expo/workingdir/build/node_modules/react-native-webview/android/src/main/java/com/reactnativecommunity/webview/events/TopLoadingErrorEvent.kt:22:16 This declaration overrides a deprecated member but is not marked as deprecated itself. Please add the '@Deprecated' annotation or suppress the diagnostic.
w: file:///home/expo/workingdir/build/node_modules/react-native-webview/android/src/main/java/com/reactnativecommunity/webview/events/TopLoadingErrorEvent.kt:22:42 'interface RCTEventEmitter : JavaScriptModule' is deprecated. Use [RCTModernEventEmitter] instead.
w: file:///home/expo/workingdir/build/node_modules/react-native-webview/android/src/main/java/com/reactnativecommunity/webview/events/TopLoadingErrorEvent.kt:23:21 'fun receiveEvent(targetTag: Int, eventName: String, params: WritableMap?): Unit' is deprecated. Use [RCTModernEventEmitter.receiveEvent] instead.
w: file:///home/expo/workingdir/build/node_modules/react-native-webview/android/src/main/java/com/reactnativecommunity/webview/events/TopLoadingFinishEvent.kt:5:8 'interface RCTEventEmitter : JavaScriptModule' is deprecated. Use [RCTModernEventEmitter] instead.
w: file:///home/expo/workingdir/build/node_modules/react-native-webview/android/src/main/java/com/reactnativecommunity/webview/events/TopLoadingFinishEvent.kt:11:3 'constructor<T : (Event<Event<*>!>..Event<*>?)>(p0: Int): Event<T>' is deprecated. Deprecated in Java.
w: file:///home/expo/workingdir/build/node_modules/react-native-webview/android/src/main/java/com/reactnativecommunity/webview/events/TopLoadingFinishEvent.kt:22:16 This declaration overrides a deprecated member but is not marked as deprecated itself. Please add the '@Deprecated' annotation or suppress the diagnostic.
w: file:///home/expo/workingdir/build/node_modules/react-native-webview/android/src/main/java/com/reactnativecommunity/webview/events/TopLoadingFinishEvent.kt:22:42 'interface RCTEventEmitter : JavaScriptModule' is deprecated. Use [RCTModernEventEmitter] instead.
w: file:///home/expo/workingdir/build/node_modules/react-native-webview/android/src/main/java/com/reactnativecommunity/webview/events/TopLoadingFinishEvent.kt:23:21 'fun receiveEvent(targetTag: Int, eventName: String, params: WritableMap?): Unit' is deprecated. Use [RCTModernEventEmitter.receiveEvent] instead.
w: file:///home/expo/workingdir/build/node_modules/react-native-webview/android/src/main/java/com/reactnativecommunity/webview/events/TopLoadingProgressEvent.kt:5:8 'interface RCTEventEmitter : JavaScriptModule' is deprecated. Use [RCTModernEventEmitter] instead.
w: file:///home/expo/workingdir/build/node_modules/react-native-webview/android/src/main/java/com/reactnativecommunity/webview/events/TopLoadingProgressEvent.kt:11:3 'constructor<T : (Event<Event<*>!>..Event<*>?)>(p0: Int): Event<T>' is deprecated. Deprecated in Java.
w: file:///home/expo/workingdir/build/node_modules/react-native-webview/android/src/main/java/com/reactnativecommunity/webview/events/TopLoadingProgressEvent.kt:22:16 This declaration overrides a deprecated member but is not marked as deprecated itself. Please add the '@Deprecated' annotation or suppress the diagnostic.
w: file:///home/expo/workingdir/build/node_modules/react-native-webview/android/src/main/java/com/reactnativecommunity/webview/events/TopLoadingProgressEvent.kt:22:42 'interface RCTEventEmitter : JavaScriptModule' is deprecated. Use [RCTModernEventEmitter] instead.
w: file:///home/expo/workingdir/build/node_modules/react-native-webview/android/src/main/java/com/reactnativecommunity/webview/events/TopLoadingProgressEvent.kt:23:21 'fun receiveEvent(targetTag: Int, eventName: String, params: WritableMap?): Unit' is deprecated. Use [RCTModernEventEmitter.receiveEvent] instead.
w: file:///home/expo/workingdir/build/node_modules/react-native-webview/android/src/main/java/com/reactnativecommunity/webview/events/TopLoadingStartEvent.kt:5:8 'interface RCTEventEmitter : JavaScriptModule' is deprecated. Use [RCTModernEventEmitter] instead.
w: file:///home/expo/workingdir/build/node_modules/react-native-webview/android/src/main/java/com/reactnativecommunity/webview/events/TopLoadingStartEvent.kt:11:3 'constructor<T : (Event<Event<*>!>..Event<*>?)>(p0: Int): Event<T>' is deprecated. Deprecated in Java.
w: file:///home/expo/workingdir/build/node_modules/react-native-webview/android/src/main/java/com/reactnativecommunity/webview/events/TopLoadingStartEvent.kt:22:16 This declaration overrides a deprecated member but is not marked as deprecated itself. Please add the '@Deprecated' annotation or suppress the diagnostic.
w: file:///home/expo/workingdir/build/node_modules/react-native-webview/android/src/main/java/com/reactnativecommunity/webview/events/TopLoadingStartEvent.kt:22:42 'interface RCTEventEmitter : JavaScriptModule' is deprecated. Use [RCTModernEventEmitter] instead.
w: file:///home/expo/workingdir/build/node_modules/react-native-webview/android/src/main/java/com/reactnativecommunity/webview/events/TopLoadingStartEvent.kt:23:21 'fun receiveEvent(targetTag: Int, eventName: String, params: WritableMap?): Unit' is deprecated. Use [RCTModernEventEmitter.receiveEvent] instead.
w: file:///home/expo/workingdir/build/node_modules/react-native-webview/android/src/main/java/com/reactnativecommunity/webview/events/TopMessageEvent.kt:5:8 'interface RCTEventEmitter : JavaScriptModule' is deprecated. Use [RCTModernEventEmitter] instead.
w: file:///home/expo/workingdir/build/node_modules/react-native-webview/android/src/main/java/com/reactnativecommunity/webview/events/TopMessageEvent.kt:10:75 'constructor<T : (Event<Event<*>!>..Event<*>?)>(p0: Int): Event<T>' is deprecated. Deprecated in Java.
w: file:///home/expo/workingdir/build/node_modules/react-native-webview/android/src/main/java/com/reactnativecommunity/webview/events/TopMessageEvent.kt:21:16 This declaration overrides a deprecated member but is not marked as deprecated itself. Please add the '@Deprecated' annotation or suppress the diagnostic.
w: file:///home/expo/workingdir/build/node_modules/react-native-webview/android/src/main/java/com/reactnativecommunity/webview/events/TopMessageEvent.kt:21:42 'interface RCTEventEmitter : JavaScriptModule' is deprecated. Use [RCTModernEventEmitter] instead.
w: file:///home/expo/workingdir/build/node_modules/react-native-webview/android/src/main/java/com/reactnativecommunity/webview/events/TopMessageEvent.kt:22:21 'fun receiveEvent(targetTag: Int, eventName: String, params: WritableMap?): Unit' is deprecated. Use [RCTModernEventEmitter.receiveEvent] instead.
w: file:///home/expo/workingdir/build/node_modules/react-native-webview/android/src/main/java/com/reactnativecommunity/webview/events/TopNewWindowEvent.kt:5:8 'interface RCTEventEmitter : JavaScriptModule' is deprecated. Use [RCTModernEventEmitter] instead.
w: file:///home/expo/workingdir/build/node_modules/react-native-webview/android/src/main/java/com/reactnativecommunity/webview/events/TopNewWindowEvent.kt:11:3 'constructor<T : (Event<Event<*>!>..Event<*>?)>(p0: Int): Event<T>' is deprecated. Deprecated in Java.
w: file:///home/expo/workingdir/build/node_modules/react-native-webview/android/src/main/java/com/reactnativecommunity/webview/events/TopNewWindowEvent.kt:22:16 This declaration overrides a deprecated member but is not marked as deprecated itself. Please add the '@Deprecated' annotation or suppress the diagnostic.
w: file:///home/expo/workingdir/build/node_modules/react-native-webview/android/src/main/java/com/reactnativecommunity/webview/events/TopNewWindowEvent.kt:22:42 'interface RCTEventEmitter : JavaScriptModule' is deprecated. Use [RCTModernEventEmitter] instead.
w: file:///home/expo/workingdir/build/node_modules/react-native-webview/android/src/main/java/com/reactnativecommunity/webview/events/TopNewWindowEvent.kt:23:21 'fun receiveEvent(targetTag: Int, eventName: String, params: WritableMap?): Unit' is deprecated. Use [RCTModernEventEmitter.receiveEvent] instead.
w: file:///home/expo/workingdir/build/node_modules/react-native-webview/android/src/main/java/com/reactnativecommunity/webview/events/TopRenderProcessGoneEvent.kt:5:8 'interface RCTEventEmitter : JavaScriptModule' is deprecated. Use [RCTModernEventEmitter] instead.
w: file:///home/expo/workingdir/build/node_modules/react-native-webview/android/src/main/java/com/reactnativecommunity/webview/events/TopRenderProcessGoneEvent.kt:12:3 'constructor<T : (Event<Event<*>!>..Event<*>?)>(p0: Int): Event<T>' is deprecated. Deprecated in Java.
w: file:///home/expo/workingdir/build/node_modules/react-native-webview/android/src/main/java/com/reactnativecommunity/webview/events/TopRenderProcessGoneEvent.kt:23:16 This declaration overrides a deprecated member but is not marked as deprecated itself. Please add the '@Deprecated' annotation or suppress the diagnostic.
w: file:///home/expo/workingdir/build/node_modules/react-native-webview/android/src/main/java/com/reactnativecommunity/webview/events/TopRenderProcessGoneEvent.kt:23:42 'interface RCTEventEmitter : JavaScriptModule' is deprecated. Use [RCTModernEventEmitter] instead.
w: file:///home/expo/workingdir/build/node_modules/react-native-webview/android/src/main/java/com/reactnativecommunity/webview/events/TopRenderProcessGoneEvent.kt:24:21 'fun receiveEvent(targetTag: Int, eventName: String, params: WritableMap?): Unit' is deprecated. Use [RCTModernEventEmitter.receiveEvent] instead.
w: file:///home/expo/workingdir/build/node_modules/react-native-webview/android/src/main/java/com/reactnativecommunity/webview/events/TopShouldStartLoadWithRequestEvent.kt:5:8 'interface RCTEventEmitter : JavaScriptModule' is deprecated. Use [RCTModernEventEmitter] instead.
w: file:///home/expo/workingdir/build/node_modules/react-native-webview/android/src/main/java/com/reactnativecommunity/webview/events/TopShouldStartLoadWithRequestEvent.kt:10:89 'constructor<T : (Event<Event<*>!>..Event<*>?)>(p0: Int): Event<T>' is deprecated. Deprecated in Java.
w: file:///home/expo/workingdir/build/node_modules/react-native-webview/android/src/main/java/com/reactnativecommunity/webview/events/TopShouldStartLoadWithRequestEvent.kt:27:16 This declaration overrides a deprecated member but is not marked as deprecated itself. Please add the '@Deprecated' annotation or suppress the diagnostic.
w: file:///home/expo/workingdir/build/node_modules/react-native-webview/android/src/main/java/com/reactnativecommunity/webview/events/TopShouldStartLoadWithRequestEvent.kt:27:42 'interface RCTEventEmitter : JavaScriptModule' is deprecated. Use [RCTModernEventEmitter] instead.
w: file:///home/expo/workingdir/build/node_modules/react-native-webview/android/src/main/java/com/reactnativecommunity/webview/events/TopShouldStartLoadWithRequestEvent.kt:28:21 'fun receiveEvent(targetTag: Int, eventName: String, params: WritableMap?): Unit' is deprecated. Use [RCTModernEventEmitter.receiveEvent] instead.
> Task :react-native-webview:javaPreCompileRelease
> Task :app:createGeneralReleaseCompatibleScreenManifests
> Task :app:extractDeepLinksGeneralRelease
> Task :react-native-webview:compileReleaseJavaWithJavac
Note: Some input files use or override a deprecated API.
Note: Recompile with -Xlint:deprecation for details.
> Task :react-native-webview:bundleLibRuntimeToDirRelease
> Task :app:processGeneralReleaseMainManifest
/home/expo/workingdir/build/android/app/src/main/AndroidManifest.xml Warning:
	provider#expo.modules.filesystem.FileSystemFileProvider@android:authorities was tagged at AndroidManifest.xml:0 to replace other declarations but no other declaration present
> Task :app:processGeneralReleaseManifest
> Task :app:mergeGeneralReleaseResources
> Task :react-native-edge-to-edge:checkKotlinGradlePluginConfigurationErrors SKIPPED
> Task :app:processApplicationManifestGeneralReleaseForBundle
> Task :react-native-edge-to-edge:generateReleaseBuildConfig
> Task :react-native-async-storage_async-storage:generateReleaseBuildConfig
> Task :react-native-async-storage_async-storage:javaPreCompileRelease
> Task :app:checkGeneralReleaseAarMetadata
> Task :expo:checkKotlinGradlePluginConfigurationErrors SKIPPED
> Task :expo:generateReleaseBuildConfig
> Task :expo-barcode-scanner:checkKotlinGradlePluginConfigurationErrors SKIPPED
> Task :expo-barcode-scanner:generateReleaseBuildConfig
> Task :expo-modules-core:checkKotlinGradlePluginConfigurationErrors SKIPPED
> Task :expo-modules-core:generateReleaseBuildConfig
> Task :app:packageGeneralReleaseResources
> Task :app:parseGeneralReleaseLocalResources
> Task :app:processGeneralReleaseManifestForPackage
> Task :react-native-async-storage_async-storage:compileReleaseJavaWithJavac
Note: Some input files use or override a deprecated API.
Note: Recompile with -Xlint:deprecation for details.
Note: /home/expo/workingdir/build/node_modules/@react-native-async-storage/async-storage/android/src/javaPackage/java/com/reactnativecommunity/asyncstorage/AsyncStoragePackage.java uses unchecked or unsafe operations.
Note: Recompile with -Xlint:unchecked for details.
> Task :react-native-async-storage_async-storage:bundleLibRuntimeToDirRelease
> Task :react-native-edge-to-edge:javaPreCompileRelease
> Task :react-native-edge-to-edge:compileReleaseKotlin
w: file:///home/expo/workingdir/build/node_modules/react-native-edge-to-edge/android/src/main/java/com/zoontek/rnedgetoedge/EdgeToEdgePackage.kt:21:24 'constructor(name: String, className: String, canOverrideExistingModule: Boolean, needsEagerInit: Boolean, hasConstants: Boolean, isCxxModule: Boolean, isTurboModule: Boolean): ReactModuleInfo' is deprecated. This constructor is deprecated and will be removed in the future. Use ReactModuleInfo(String, String, boolean, boolean, boolean, boolean)].
> Task :app:extractGeneralReleaseVersionControlInfo
> Task :expo-barcode-scanner:javaPreCompileRelease
> Task :expo-constants:checkKotlinGradlePluginConfigurationErrors SKIPPED
> Task :expo-constants:generateReleaseBuildConfig
> Task :expo-constants:javaPreCompileRelease
> Task :expo-file-system:checkKotlinGradlePluginConfigurationErrors SKIPPED
> Task :expo-file-system:generateReleaseBuildConfig
> Task :expo-file-system:javaPreCompileRelease
> Task :expo-image-loader:checkKotlinGradlePluginConfigurationErrors SKIPPED
> Task :expo-image-loader:generateReleaseBuildConfig
> Task :expo-image-loader:javaPreCompileRelease
> Task :expo-linking:checkKotlinGradlePluginConfigurationErrors SKIPPED
> Task :expo-linking:generateReleaseBuildConfig
> Task :expo-linking:javaPreCompileRelease
> Task :expo-sqlite:checkKotlinGradlePluginConfigurationErrors SKIPPED
> Task :expo-sqlite:generateReleaseBuildConfig
> Task :expo-sqlite:javaPreCompileRelease
> Task :expo:javaPreCompileRelease
> Task :react-native-camera:generateGeneralReleaseBuildConfig
> Task :react-native-camera:javaPreCompileGeneralRelease
> Task :react-native-edge-to-edge:compileReleaseJavaWithJavac
> Task :react-native-edge-to-edge:bundleLibRuntimeToDirRelease
> Task :expo-modules-core:javaPreCompileRelease
> Task :react-native-reanimated:bundleLibRuntimeToDirRelease
> Task :app:processGeneralReleaseResources
> Task :react-native-sqlite-storage:generateReleaseBuildConfig
> Task :react-native-sqlite-storage:javaPreCompileRelease
> Task :react-native-sqlite-storage:compileReleaseJavaWithJavac
> Task :react-native-sqlite-storage:bundleLibRuntimeToDirRelease
> Task :react-native-camera:compileGeneralReleaseJavaWithJavac
Note: Some input files use or override a deprecated API.
Note: Recompile with -Xlint:deprecation for details.
Note: /home/expo/workingdir/build/node_modules/react-native-camera/android/src/main/java/com/google/android/cameraview/Camera2.java uses unchecked or unsafe operations.
Note: Recompile with -Xlint:unchecked for details.
> Task :app:bundleGeneralReleaseResources
> Task :react-native-async-storage_async-storage:bundleLibCompileToJarRelease
> Task :react-native-edge-to-edge:bundleLibCompileToJarRelease
> Task :react-native-gesture-handler:bundleLibCompileToJarRelease
> Task :react-native-safe-area-context:bundleLibCompileToJarRelease
> Task :app:checkGeneralReleaseDuplicateClasses
> Task :react-native-camera:bundleLibCompileToJarGeneralRelease
> Task :app:buildKotlinToolingMetadata
> Task :app:checkKotlinGradlePluginConfigurationErrors SKIPPED
> Task :app:generateGeneralReleaseBuildConfig
> Task :react-native-sqlite-storage:bundleLibCompileToJarRelease
> Task :react-native-screens:bundleLibCompileToJarRelease
> Task :react-native-webview:bundleLibCompileToJarRelease
> Task :react-native-camera:bundleLibRuntimeToDirGeneralRelease
> Task :app:javaPreCompileGeneralRelease
> Task :app:desugarGeneralReleaseFileDependencies
> Task :app:mergeGeneralReleaseStartupProfile
> Task :expo:mergeReleaseShaders
> Task :expo:compileReleaseShaders NO-SOURCE
> Task :expo:generateReleaseAssets UP-TO-DATE
> Task :expo-modules-core:compileReleaseKotlin
w: file:///home/expo/workingdir/build/node_modules/expo-modules-core/android/src/main/java/expo/modules/apploader/AppLoaderProvider.kt:34:52 Unchecked cast of 'java.lang.Class<*>!' to 'java.lang.Class<out expo.modules.apploader.HeadlessAppLoader>'.
> Task :app:mergeExtDexGeneralRelease
> Task :expo-barcode-scanner:mergeReleaseShaders
> Task :expo:packageReleaseAssets
> Task :expo-barcode-scanner:compileReleaseShaders NO-SOURCE
> Task :expo-barcode-scanner:generateReleaseAssets UP-TO-DATE
> Task :expo-constants:mergeReleaseShaders
> Task :expo-constants:compileReleaseShaders NO-SOURCE
> Task :expo-constants:generateReleaseAssets UP-TO-DATE
> Task :expo-barcode-scanner:packageReleaseAssets
> Task :expo-constants:packageReleaseAssets
> Task :expo-file-system:mergeReleaseShaders
> Task :expo-file-system:compileReleaseShaders NO-SOURCE
> Task :expo-file-system:generateReleaseAssets UP-TO-DATE
> Task :expo-image-loader:mergeReleaseShaders
> Task :expo-image-loader:compileReleaseShaders NO-SOURCE
> Task :expo-image-loader:generateReleaseAssets UP-TO-DATE
> Task :expo-file-system:packageReleaseAssets
> Task :expo-linking:mergeReleaseShaders
> Task :expo-linking:compileReleaseShaders NO-SOURCE
> Task :expo-linking:generateReleaseAssets UP-TO-DATE
> Task :expo-image-loader:packageReleaseAssets
> Task :expo-linking:packageReleaseAssets
> Task :expo-sqlite:mergeReleaseShaders
> Task :expo-sqlite:compileReleaseShaders NO-SOURCE
> Task :expo-sqlite:generateReleaseAssets UP-TO-DATE
> Task :expo-sqlite:packageReleaseAssets
> Task :react-native-async-storage_async-storage:mergeReleaseShaders
> Task :react-native-async-storage_async-storage:compileReleaseShaders NO-SOURCE
> Task :react-native-async-storage_async-storage:generateReleaseAssets UP-TO-DATE
> Task :react-native-camera:mergeGeneralReleaseShaders
> Task :react-native-async-storage_async-storage:packageReleaseAssets
> Task :react-native-camera:compileGeneralReleaseShaders NO-SOURCE
> Task :react-native-camera:generateGeneralReleaseAssets UP-TO-DATE
> Task :react-native-camera:packageGeneralReleaseAssets
> Task :react-native-edge-to-edge:mergeReleaseShaders
> Task :react-native-edge-to-edge:compileReleaseShaders NO-SOURCE
> Task :react-native-edge-to-edge:generateReleaseAssets UP-TO-DATE
> Task :react-native-gesture-handler:mergeReleaseShaders
> Task :react-native-gesture-handler:compileReleaseShaders NO-SOURCE
> Task :react-native-gesture-handler:generateReleaseAssets UP-TO-DATE
> Task :react-native-edge-to-edge:packageReleaseAssets
> Task :react-native-reanimated:mergeReleaseShaders
> Task :react-native-gesture-handler:packageReleaseAssets
> Task :react-native-reanimated:compileReleaseShaders NO-SOURCE
> Task :react-native-reanimated:generateReleaseAssets UP-TO-DATE
> Task :react-native-safe-area-context:mergeReleaseShaders
> Task :react-native-safe-area-context:compileReleaseShaders NO-SOURCE
> Task :react-native-safe-area-context:generateReleaseAssets UP-TO-DATE
> Task :react-native-reanimated:packageReleaseAssets
> Task :react-native-safe-area-context:packageReleaseAssets
> Task :react-native-sqlite-storage:mergeReleaseShaders
> Task :react-native-screens:mergeReleaseShaders
> Task :react-native-sqlite-storage:compileReleaseShaders NO-SOURCE
> Task :react-native-sqlite-storage:generateReleaseAssets UP-TO-DATE
> Task :react-native-screens:compileReleaseShaders NO-SOURCE
> Task :react-native-screens:generateReleaseAssets UP-TO-DATE
> Task :react-native-screens:packageReleaseAssets
> Task :react-native-sqlite-storage:packageReleaseAssets
> Task :react-native-webview:mergeReleaseShaders
> Task :react-native-gesture-handler:bundleLibRuntimeToJarRelease
> Task :react-native-webview:compileReleaseShaders NO-SOURCE
> Task :react-native-webview:generateReleaseAssets UP-TO-DATE
> Task :react-native-webview:packageReleaseAssets
> Task :react-native-safe-area-context:bundleLibRuntimeToJarRelease
> Task :react-native-screens:bundleLibRuntimeToJarRelease
> Task :react-native-edge-to-edge:bundleLibRuntimeToJarRelease
> Task :react-native-webview:bundleLibRuntimeToJarRelease
> Task :react-native-async-storage_async-storage:bundleLibRuntimeToJarRelease
> Task :expo-modules-core:compileReleaseJavaWithJavac
> Task :expo-modules-core:mergeReleaseShaders
> Task :expo-modules-core:compileReleaseShaders NO-SOURCE
> Task :expo-modules-core:generateReleaseAssets UP-TO-DATE
> Task :expo-modules-core:packageReleaseAssets
> Task :react-native-camera:bundleLibRuntimeToJarGeneralRelease
> Task :expo-modules-core:bundleLibCompileToJarRelease
> Task :expo-modules-core:bundleLibRuntimeToDirRelease
> Task :expo-constants:compileReleaseKotlin
> Task :expo-constants:compileReleaseJavaWithJavac
> Task :expo-constants:bundleLibCompileToJarRelease
> Task :expo-barcode-scanner:compileReleaseKotlin FAILED
e: file:///home/expo/workingdir/build/node_modules/expo-barcode-scanner/android/src/main/java/expo/modules/barcodescanner/BarCodeScannerModule.kt:10:32 Unresolved reference 'barcodescanner'.
e: file:///home/expo/workingdir/build/node_modules/expo-barcode-scanner/android/src/main/java/expo/modules/barcodescanner/BarCodeScannerModule.kt:77:21 Unresolved reference 'setSettings'.
e: file:///home/expo/workingdir/build/node_modules/expo-barcode-scanner/android/src/main/java/expo/modules/barcodescanner/BarCodeScannerModule.kt:78:15 Unresolved reference 'BarCodeScannerSettings'.
e: file:///home/expo/workingdir/build/node_modules/expo-barcode-scanner/android/src/main/java/expo/modules/barcodescanner/BarCodeScannerModule.kt:78:40 Cannot infer type for this parameter. Please specify it explicitly.
e: file:///home/expo/workingdir/build/node_modules/expo-barcode-scanner/android/src/main/java/expo/modules/barcodescanner/BarCodeScannerModule.kt:78:46 Cannot infer type for this parameter. Please specify it explicitly.
e: file:///home/expo/workingdir/build/node_modules/expo-barcode-scanner/android/src/main/java/expo/modules/barcodescanner/BarCodeScannerModule.kt:79:17 Unresolved reference 'putTypes'.
e: file:///home/expo/workingdir/build/node_modules/expo-barcode-scanner/android/src/main/java/expo/modules/barcodescanner/BarCodeScannerModule.kt:84:38 Unresolved reference 'scanMultiple'.
e: file:///home/expo/workingdir/build/node_modules/expo-barcode-scanner/android/src/main/java/expo/modules/barcodescanner/BarCodeScannerModule.kt:85:49 Unresolved reference 'it'.
e: file:///home/expo/workingdir/build/node_modules/expo-barcode-scanner/android/src/main/java/expo/modules/barcodescanner/BarCodeScannerModule.kt:86:18 Overload resolution ambiguity between candidates:
fun <R, T> Result<T>.map(transform: (@ParameterName(...) T) -> R): Result<R>
    [R|Contract description]
     <
        CallsInPlace(transform, AT_MOST_ONCE)
    >
fun <T, R> Array<out T>.map(transform: (T) -> R): List<R>
fun <R> BooleanArray.map(transform: (Boolean) -> R): List<R>
fun <R> ByteArray.map(transform: (Byte) -> R): List<R>
fun <R> CharArray.map(transform: (Char) -> R): List<R>
fun <R> DoubleArray.map(transform: (Double) -> R): List<R>
fun <R> FloatArray.map(transform: (Float) -> R): List<R>
fun <R> IntArray.map(transform: (Int) -> R): List<R>
fun <R> LongArray.map(transform: (Long) -> R): List<R>
fun <R> ShortArray.map(transform: (Short) -> R): List<R>
fun <T, R> Iterable<T>.map(transform: (T) -> R): List<R>
fun <K, V, R> Map<out K, V>.map(transform: (Map.Entry<K, V>) -> R): List<R>
fun <R> UByteArray.map(transform: (UByte) -> R): List<R>
fun <R> UIntArray.map(transform: (UInt) -> R): List<R>
fun <R> ULongArray.map(transform: (ULong) -> R): List<R>
fun <R> UShortArray.map(transform: (UShort) -> R): List<R>
fun <T, R> Sequence<T>.map(transform: (T) -> R): Sequence<R>
fun <R> CharSequence.map(transform: (Char) -> R): List<R>
e: file:///home/expo/workingdir/build/node_modules/expo-barcode-scanner/android/src/main/java/expo/modules/barcodescanner/BarCodeScannerModule.kt:86:64 Unresolved reference 'it'.
e: file:///home/expo/workingdir/build/node_modules/expo-barcode-scanner/android/src/main/java/expo/modules/barcodescanner/BarCodeScannerModule.kt:115:26 Unresolved reference 'BarCodeScannerSettings'.
e: file:///home/expo/workingdir/build/node_modules/expo-barcode-scanner/android/src/main/java/expo/modules/barcodescanner/BarCodeScannerModule.kt:115:51 Cannot infer type for this parameter. Please specify it explicitly.
e: file:///home/expo/workingdir/build/node_modules/expo-barcode-scanner/android/src/main/java/expo/modules/barcodescanner/BarCodeScannerModule.kt:115:57 Cannot infer type for this parameter. Please specify it explicitly.
e: file:///home/expo/workingdir/build/node_modules/expo-barcode-scanner/android/src/main/java/expo/modules/barcodescanner/BarCodeScannerModule.kt:116:13 Unresolved reference 'putTypes'.
e: file:///home/expo/workingdir/build/node_modules/expo-barcode-scanner/android/src/main/java/expo/modules/barcodescanner/BarCodeScannerProvider.kt:5:32 Unresolved reference 'barcodescanner'.
e: file:///home/expo/workingdir/build/node_modules/expo-barcode-scanner/android/src/main/java/expo/modules/barcodescanner/BarCodeScannerProvider.kt:6:32 Unresolved reference 'barcodescanner'.
e: file:///home/expo/workingdir/build/node_modules/expo-barcode-scanner/android/src/main/java/expo/modules/barcodescanner/BarCodeScannerProvider.kt:9:48 Unresolved reference 'BarCodeScannerProviderInterface'.
e: file:///home/expo/workingdir/build/node_modules/expo-barcode-scanner/android/src/main/java/expo/modules/barcodescanner/BarCodeScannerProvider.kt:10:16 Return type of 'getExportedInterfaces' is not a subtype of the return type of the overridden member 'fun getExportedInterfaces(): (MutableList<out (Class<Any!>..Class<*>?)>..List<out (Class<Any!>..Class<*>?)>?)' defined in 'expo/modules/core/interfaces/InternalModule'.
e: file:///home/expo/workingdir/build/node_modules/expo-barcode-scanner/android/src/main/java/expo/modules/barcodescanner/BarCodeScannerProvider.kt:11:5 Cannot infer type for this parameter. Please specify it explicitly.
e: file:///home/expo/workingdir/build/node_modules/expo-barcode-scanner/android/src/main/java/expo/modules/barcodescanner/BarCodeScannerProvider.kt:11:12 Unresolved reference 'BarCodeScannerProviderInterface'.
e: file:///home/expo/workingdir/build/node_modules/expo-barcode-scanner/android/src/main/java/expo/modules/barcodescanner/BarCodeScannerProvider.kt:11:12 Argument type mismatch: actual type is 'java.lang.Class<T#2 (type parameter of val <T> KClass<T>.java: Class<T>)>', but 'T#1 (type parameter of fun <T> listOf(element: T): List<T>)' was expected.
e: file:///home/expo/workingdir/build/node_modules/expo-barcode-scanner/android/src/main/java/expo/modules/barcodescanner/BarCodeScannerProvider.kt:11:51 Cannot infer type for this parameter. Please specify it explicitly.
e: file:///home/expo/workingdir/build/node_modules/expo-barcode-scanner/android/src/main/java/expo/modules/barcodescanner/BarCodeScannerProvider.kt:11:51 Unresolved reference. None of the following candidates is applicable because of a receiver type mismatch:
val <T> KClass<T>.java: Class<T>
e: file:///home/expo/workingdir/build/node_modules/expo-barcode-scanner/android/src/main/java/expo/modules/barcodescanner/BarCodeScannerProvider.kt:13:3 'createBarCodeDetectorWithContext' overrides nothing.
e: file:///home/expo/workingdir/build/node_modules/expo-barcode-scanner/android/src/main/java/expo/modules/barcodescanner/BarCodeScannerProvider.kt:13:68 Unresolved reference 'BarCodeScannerInterface'.
e: file:///home/expo/workingdir/build/node_modules/expo-barcode-scanner/android/src/main/java/expo/modules/barcodescanner/BarCodeScannerView.kt:14:32 Unresolved reference 'barcodescanner'.
e: file:///home/expo/workingdir/build/node_modules/expo-barcode-scanner/android/src/main/java/expo/modules/barcodescanner/BarCodeScannerView.kt:15:32 Unresolved reference 'barcodescanner'.
e: file:///home/expo/workingdir/build/node_modules/expo-barcode-scanner/android/src/main/java/expo/modules/barcodescanner/BarCodeScannerView.kt:65:33 Unresolved reference 'BarCodeScannerResult'.
e: file:///home/expo/workingdir/build/node_modules/expo-barcode-scanner/android/src/main/java/expo/modules/barcodescanner/BarCodeScannerView.kt:67:77 Unresolved reference 'cornerPoints'.
e: file:///home/expo/workingdir/build/node_modules/expo-barcode-scanner/android/src/main/java/expo/modules/barcodescanner/BarCodeScannerView.kt:67:99 Unresolved reference 'boundingBox'.
e: file:///home/expo/workingdir/build/node_modules/expo-barcode-scanner/android/src/main/java/expo/modules/barcodescanner/BarCodeScannerView.kt:71:24 Unresolved reference 'value'.
e: file:///home/expo/workingdir/build/node_modules/expo-barcode-scanner/android/src/main/java/expo/modules/barcodescanner/BarCodeScannerView.kt:72:23 Unresolved reference 'raw'.
e: file:///home/expo/workingdir/build/node_modules/expo-barcode-scanner/android/src/main/java/expo/modules/barcodescanner/BarCodeScannerView.kt:73:24 Unresolved reference 'type'.
e: file:///home/expo/workingdir/build/node_modules/expo-barcode-scanner/android/src/main/java/expo/modules/barcodescanner/BarCodeScannerView.kt:83:71 Unresolved reference 'BarCodeScannerResult'.
e: file:///home/expo/workingdir/build/node_modules/expo-barcode-scanner/android/src/main/java/expo/modules/barcodescanner/BarCodeScannerView.kt:84:32 Unresolved reference 'cornerPoints'.
e: file:///home/expo/workingdir/build/node_modules/expo-barcode-scanner/android/src/main/java/expo/modules/barcodescanner/BarCodeScannerView.kt:90:35 Unresolved reference 'referenceImageHeight'.
e: file:///home/expo/workingdir/build/node_modules/expo-barcode-scanner/android/src/main/java/expo/modules/barcodescanner/BarCodeScannerView.kt:90:58 Cannot infer type for this parameter. Please specify it explicitly.
e: file:///home/expo/workingdir/build/node_modules/expo-barcode-scanner/android/src/main/java/expo/modules/barcodescanner/BarCodeScannerView.kt:93:35 Unresolved reference 'referenceImageWidth'.
e: file:///home/expo/workingdir/build/node_modules/expo-barcode-scanner/android/src/main/java/expo/modules/barcodescanner/BarCodeScannerView.kt:93:57 Cannot infer type for this parameter. Please specify it explicitly.
e: file:///home/expo/workingdir/build/node_modules/expo-barcode-scanner/android/src/main/java/expo/modules/barcodescanner/BarCodeScannerView.kt:97:8 Cannot infer type for this parameter. Please specify it explicitly.
e: file:///home/expo/workingdir/build/node_modules/expo-barcode-scanner/android/src/main/java/expo/modules/barcodescanner/BarCodeScannerView.kt:97:25 None of the following candidates is applicable:
fun BigDecimal.times(other: BigDecimal): BigDecimal
fun BigInteger.times(other: BigInteger): BigInteger
e: file:///home/expo/workingdir/build/node_modules/expo-barcode-scanner/android/src/main/java/expo/modules/barcodescanner/BarCodeScannerView.kt:97:40 None of the following candidates is applicable:
fun BigDecimal.div(other: BigDecimal): BigDecimal
fun BigInteger.div(other: BigInteger): BigInteger
e: file:///home/expo/workingdir/build/node_modules/expo-barcode-scanner/android/src/main/java/expo/modules/barcodescanner/BarCodeScannerView.kt:97:50 Unresolved reference 'referenceImageWidth'.
e: file:///home/expo/workingdir/build/node_modules/expo-barcode-scanner/android/src/main/java/expo/modules/barcodescanner/BarCodeScannerView.kt:97:80 Overload resolution ambiguity between candidates:
fun String?.plus(other: Any?): String
fun <T> Array<T>.plus(element: T): Array<T>
fun IntArray.plus(element: Int): IntArray
fun <T> Collection<T>.plus(element: T): List<T>
fun <T> Iterable<T>.plus(element: T): List<T>
fun <T> Set<T>.plus(element: T): Set<T>
fun <T> Sequence<T>.plus(element: T): Sequence<T>
e: file:///home/expo/workingdir/build/node_modules/expo-barcode-scanner/android/src/main/java/expo/modules/barcodescanner/BarCodeScannerView.kt:101:8 Cannot infer type for this parameter. Please specify it explicitly.
e: file:///home/expo/workingdir/build/node_modules/expo-barcode-scanner/android/src/main/java/expo/modules/barcodescanner/BarCodeScannerView.kt:101:25 None of the following candidates is applicable:
fun BigDecimal.times(other: BigDecimal): BigDecimal
fun BigInteger.times(other: BigInteger): BigInteger
e: file:///home/expo/workingdir/build/node_modules/expo-barcode-scanner/android/src/main/java/expo/modules/barcodescanner/BarCodeScannerView.kt:101:41 None of the following candidates is applicable:
fun BigDecimal.div(other: BigDecimal): BigDecimal
fun BigInteger.div(other: BigInteger): BigInteger
e: file:///home/expo/workingdir/build/node_modules/expo-barcode-scanner/android/src/main/java/expo/modules/barcodescanner/BarCodeScannerView.kt:101:51 Unresolved reference 'referenceImageHeight'.
e: file:///home/expo/workingdir/build/node_modules/expo-barcode-scanner/android/src/main/java/expo/modules/barcodescanner/BarCodeScannerView.kt:101:82 Overload resolution ambiguity between candidates:
fun String?.plus(other: Any?): String
fun <T> Array<T>.plus(element: T): Array<T>
fun IntArray.plus(element: Int): IntArray
fun <T> Collection<T>.plus(element: T): List<T>
fun <T> Iterable<T>.plus(element: T): List<T>
fun <T> Set<T>.plus(element: T): Set<T>
fun <T> Sequence<T>.plus(element: T): Sequence<T>
e: file:///home/expo/workingdir/build/node_modules/expo-barcode-scanner/android/src/main/java/expo/modules/barcodescanner/BarCodeScannerView.kt:104:13 Unresolved reference 'referenceImageHeight'.
e: file:///home/expo/workingdir/build/node_modules/expo-barcode-scanner/android/src/main/java/expo/modules/barcodescanner/BarCodeScannerView.kt:105:13 Unresolved reference 'referenceImageWidth'.
e: file:///home/expo/workingdir/build/node_modules/expo-barcode-scanner/android/src/main/java/expo/modules/barcodescanner/BarCodeScannerView.kt:106:13 Unresolved reference 'cornerPoints'.
e: file:///home/expo/workingdir/build/node_modules/expo-barcode-scanner/android/src/main/java/expo/modules/barcodescanner/BarCodeScannerView.kt:111:18 Unresolved reference 'BarCodeScannerResult'.
e: file:///home/expo/workingdir/build/node_modules/expo-barcode-scanner/android/src/main/java/expo/modules/barcodescanner/BarCodeScannerView.kt:129:37 Unresolved reference 'x'.
e: file:///home/expo/workingdir/build/node_modules/expo-barcode-scanner/android/src/main/java/expo/modules/barcodescanner/BarCodeScannerView.kt:130:37 Unresolved reference 'y'.
e: file:///home/expo/workingdir/build/node_modules/expo-barcode-scanner/android/src/main/java/expo/modules/barcodescanner/BarCodeScannerView.kt:136:41 Unresolved reference 'width'.
e: file:///home/expo/workingdir/build/node_modules/expo-barcode-scanner/android/src/main/java/expo/modules/barcodescanner/BarCodeScannerView.kt:137:42 Unresolved reference 'height'.
e: file:///home/expo/workingdir/build/node_modules/expo-barcode-scanner/android/src/main/java/expo/modules/barcodescanner/BarCodeScannerView.kt:150:43 Unresolved reference 'BarCodeScannerSettings'.
e: file:///home/expo/workingdir/build/node_modules/expo-barcode-scanner/android/src/main/java/expo/modules/barcodescanner/BarCodeScannerViewFinder.kt:12:32 Unresolved reference 'barcodescanner'.
e: file:///home/expo/workingdir/build/node_modules/expo-barcode-scanner/android/src/main/java/expo/modules/barcodescanner/BarCodeScannerViewFinder.kt:13:32 Unresolved reference 'barcodescanner'.
e: file:///home/expo/workingdir/build/node_modules/expo-barcode-scanner/android/src/main/java/expo/modules/barcodescanner/BarCodeScannerViewFinder.kt:14:32 Unresolved reference 'barcodescanner'.
e: file:///home/expo/workingdir/build/node_modules/expo-barcode-scanner/android/src/main/java/expo/modules/barcodescanner/BarCodeScannerViewFinder.kt:44:31 Unresolved reference 'BarCodeScannerInterface'.
e: file:///home/expo/workingdir/build/node_modules/expo-barcode-scanner/android/src/main/java/expo/modules/barcodescanner/BarCodeScannerViewFinder.kt:166:58 Unresolved reference 'BarCodeScannerProviderInterface'.
e: file:///home/expo/workingdir/build/node_modules/expo-barcode-scanner/android/src/main/java/expo/modules/barcodescanner/BarCodeScannerViewFinder.kt:167:46 Unresolved reference 'createBarCodeDetectorWithContext'.
e: file:///home/expo/workingdir/build/node_modules/expo-barcode-scanner/android/src/main/java/expo/modules/barcodescanner/BarCodeScannerViewFinder.kt:177:43 Unresolved reference 'BarCodeScannerSettings'.
e: file:///home/expo/workingdir/build/node_modules/expo-barcode-scanner/android/src/main/java/expo/modules/barcodescanner/BarCodeScannerViewFinder.kt:178:21 Unresolved reference 'setSettings'.
e: file:///home/expo/workingdir/build/node_modules/expo-barcode-scanner/android/src/main/java/expo/modules/barcodescanner/BarCodeScannerViewFinder.kt:200:40 None of the following candidates is applicable:
fun <T, R> Array<out T>.scan(initial: R, operation: (@ParameterName(...) R, T) -> R): List<R>
fun <R> BooleanArray.scan(initial: R, operation: (@ParameterName(...) R, Boolean) -> R): List<R>
fun <R> ByteArray.scan(initial: R, operation: (@ParameterName(...) R, Byte) -> R): List<R>
fun <R> CharArray.scan(initial: R, operation: (@ParameterName(...) R, Char) -> R): List<R>
fun <R> DoubleArray.scan(initial: R, operation: (@ParameterName(...) R, Double) -> R): List<R>
fun <R> FloatArray.scan(initial: R, operation: (@ParameterName(...) R, Float) -> R): List<R>
fun <R> IntArray.scan(initial: R, operation: (@ParameterName(...) R, Int) -> R): List<R>
fun <R> LongArray.scan(initial: R, operation: (@ParameterName(...) R, Long) -> R): List<R>
fun <R> ShortArray.scan(initial: R, operation: (@ParameterName(...) R, Short) -> R): List<R>
fun <T, R> Iterable<T>.scan(initial: R, operation: (@ParameterName(...) R, T) -> R): List<R>
fun <R> UByteArray.scan(initial: R, operation: (@ParameterName(...) R, UByte) -> R): List<R>
fun <R> UIntArray.scan(initial: R, operation: (@ParameterName(...) R, UInt) -> R): List<R>
fun <R> ULongArray.scan(initial: R, operation: (@ParameterName(...) R, ULong) -> R): List<R>
fun <R> UShortArray.scan(initial: R, operation: (@ParameterName(...) R, UShort) -> R): List<R>
fun <T, R> Sequence<T>.scan(initial: R, operation: (@ParameterName(...) R, T) -> R): Sequence<R>
fun <R> CharSequence.scan(initial: R, operation: (@ParameterName(...) R, Char) -> R): List<R>
e: file:///home/expo/workingdir/build/node_modules/expo-barcode-scanner/android/src/main/java/expo/modules/barcodescanner/scanners/ExpoBarCodeScanner.kt:4:32 Unresolved reference 'barcodescanner'.
e: file:///home/expo/workingdir/build/node_modules/expo-barcode-scanner/android/src/main/java/expo/modules/barcodescanner/scanners/ExpoBarCodeScanner.kt:5:32 Unresolved reference 'barcodescanner'.
e: file:///home/expo/workingdir/build/node_modules/expo-barcode-scanner/android/src/main/java/expo/modules/barcodescanner/scanners/ExpoBarCodeScanner.kt:7:91 Unresolved reference 'BarCodeScannerInterface'.
e: file:///home/expo/workingdir/build/node_modules/expo-barcode-scanner/android/src/main/java/expo/modules/barcodescanner/scanners/ExpoBarCodeScanner.kt:25:47 Unresolved reference 'BarCodeScannerSettings'.
e: file:///home/expo/workingdir/build/node_modules/expo-barcode-scanner/android/src/main/java/expo/modules/barcodescanner/scanners/ExpoBarCodeScanner.kt:26:42 Unresolved reference 'types'.
e: file:///home/expo/workingdir/build/node_modules/expo-barcode-scanner/android/src/main/java/expo/modules/barcodescanner/scanners/MLKitBarCodeScanner.kt:11:32 Unresolved reference 'barcodescanner'.
e: file:///home/expo/workingdir/build/node_modules/expo-barcode-scanner/android/src/main/java/expo/modules/barcodescanner/scanners/MLKitBarCodeScanner.kt:12:32 Unresolved reference 'barcodescanner'.
e: file:///home/expo/workingdir/build/node_modules/expo-barcode-scanner/android/src/main/java/expo/modules/barcodescanner/scanners/MLKitBarCodeScanner.kt:27:3 'scan' overrides nothing.
e: file:///home/expo/workingdir/build/node_modules/expo-barcode-scanner/android/src/main/java/expo/modules/barcodescanner/scanners/MLKitBarCodeScanner.kt:30:17 Cannot infer type for this parameter. Please specify it explicitly.
e: file:///home/expo/workingdir/build/node_modules/expo-barcode-scanner/android/src/main/java/expo/modules/barcodescanner/scanners/MLKitBarCodeScanner.kt:30:17 Unresolved reference. None of the following candidates is applicable because of a receiver type mismatch:
fun <T> Collection<T>.isNotEmpty(): Boolean
e: file:///home/expo/workingdir/build/node_modules/expo-barcode-scanner/android/src/main/java/expo/modules/barcodescanner/scanners/MLKitBarCodeScanner.kt:36:3 'scanMultiple' overrides nothing.
e: file:///home/expo/workingdir/build/node_modules/expo-barcode-scanner/android/src/main/java/expo/modules/barcodescanner/scanners/MLKitBarCodeScanner.kt:36:51 Unresolved reference 'BarCodeScannerResult'.
e: file:///home/expo/workingdir/build/node_modules/expo-barcode-scanner/android/src/main/java/expo/modules/barcodescanner/scanners/MLKitBarCodeScanner.kt:41:58 Unresolved reference 'BarCodeScannerResult'.
e: file:///home/expo/workingdir/build/node_modules/expo-barcode-scanner/android/src/main/java/expo/modules/barcodescanner/scanners/MLKitBarCodeScanner.kt:41:82 Cannot infer type for this parameter. Please specify it explicitly.
e: file:///home/expo/workingdir/build/node_modules/expo-barcode-scanner/android/src/main/java/expo/modules/barcodescanner/scanners/MLKitBarCodeScanner.kt:41:110 Cannot infer type for this parameter. Please specify it explicitly.
e: file:///home/expo/workingdir/build/node_modules/expo-barcode-scanner/android/src/main/java/expo/modules/barcodescanner/scanners/MLKitBarCodeScanner.kt:44:35 Unresolved reference 'BarCodeScannerResult'.
e: file:///home/expo/workingdir/build/node_modules/expo-barcode-scanner/android/src/main/java/expo/modules/barcodescanner/scanners/MLKitBarCodeScanner.kt:62:21 Unresolved reference 'BarCodeScannerResult'.
e: file:///home/expo/workingdir/build/node_modules/expo-barcode-scanner/android/src/main/java/expo/modules/barcodescanner/scanners/MLKitBarCodeScanner.kt:67:26 Cannot infer type for this parameter. Please specify it explicitly.
e: file:///home/expo/workingdir/build/node_modules/expo-barcode-scanner/android/src/main/java/expo/modules/barcodescanner/scanners/MLKitBarCodeScanner.kt:67:26 Argument type mismatch: actual type is 'kotlin.collections.List<T>', but 'kotlin.collections.MutableList<ERROR CLASS: Cannot infer argument for type parameter T>' was expected.
e: file:///home/expo/workingdir/build/node_modules/expo-barcode-scanner/android/src/main/java/expo/modules/barcodescanner/scanners/MLKitBarCodeScanner.kt:71:3 'setSettings' overrides nothing.
e: file:///home/expo/workingdir/build/node_modules/expo-barcode-scanner/android/src/main/java/expo/modules/barcodescanner/scanners/MLKitBarCodeScanner.kt:71:38 Unresolved reference 'BarCodeScannerSettings'.
e: file:///home/expo/workingdir/build/node_modules/expo-barcode-scanner/android/src/main/java/expo/modules/barcodescanner/utils/BarCodeScannerResultSerializer.kt:5:32 Unresolved reference 'barcodescanner'.
e: file:///home/expo/workingdir/build/node_modules/expo-barcode-scanner/android/src/main/java/expo/modules/barcodescanner/utils/BarCodeScannerResultSerializer.kt:6:32 Unresolved reference 'barcodescanner'.
e: file:///home/expo/workingdir/build/node_modules/expo-barcode-scanner/android/src/main/java/expo/modules/barcodescanner/utils/BarCodeScannerResultSerializer.kt:9:24 Unresolved reference 'BarCodeScannerResult'.
e: file:///home/expo/workingdir/build/node_modules/expo-barcode-scanner/android/src/main/java/expo/modules/barcodescanner/utils/BarCodeScannerResultSerializer.kt:11:32 Unresolved reference 'value'.
e: file:///home/expo/workingdir/build/node_modules/expo-barcode-scanner/android/src/main/java/expo/modules/barcodescanner/utils/BarCodeScannerResultSerializer.kt:12:31 Unresolved reference 'raw'.
e: file:///home/expo/workingdir/build/node_modules/expo-barcode-scanner/android/src/main/java/expo/modules/barcodescanner/utils/BarCodeScannerResultSerializer.kt:13:29 Unresolved reference 'type'.
e: file:///home/expo/workingdir/build/node_modules/expo-barcode-scanner/android/src/main/java/expo/modules/barcodescanner/utils/BarCodeScannerResultSerializer.kt:14:77 Unresolved reference 'cornerPoints'.
e: file:///home/expo/workingdir/build/node_modules/expo-barcode-scanner/android/src/main/java/expo/modules/barcodescanner/utils/BarCodeScannerResultSerializer.kt:14:98 Unresolved reference 'boundingBox'.
e: file:///home/expo/workingdir/build/node_modules/expo-barcode-scanner/android/src/main/java/expo/modules/barcodescanner/utils/BarCodeScannerResultSerializer.kt:21:18 Unresolved reference 'BoundingBox'.
e: file:///home/expo/workingdir/build/node_modules/expo-barcode-scanner/android/src/main/java/expo/modules/barcodescanner/utils/BarCodeScannerResultSerializer.kt:32:52 Unresolved reference 'x'.
e: file:///home/expo/workingdir/build/node_modules/expo-barcode-scanner/android/src/main/java/expo/modules/barcodescanner/utils/BarCodeScannerResultSerializer.kt:32:87 Unresolved reference 'y'.
e: file:///home/expo/workingdir/build/node_modules/expo-barcode-scanner/android/src/main/java/expo/modules/barcodescanner/utils/BarCodeScannerResultSerializer.kt:33:49 Unresolved reference 'width'.
e: file:///home/expo/workingdir/build/node_modules/expo-barcode-scanner/android/src/main/java/expo/modules/barcodescanner/utils/BarCodeScannerResultSerializer.kt:33:88 Unresolved reference 'height'.
> Task :expo-image-loader:compileReleaseKotlin
> Task :expo-file-system:compileReleaseKotlin
[Incubating] Problems report is available at: file:///home/expo/workingdir/build/android/build/reports/problems/problems-report.html
Deprecated Gradle features were used in this build, making it incompatible with Gradle 9.0.
You can use '--warning-mode all' to show the individual deprecation warnings and determine if they come from your own scripts or plugins.
For more on this, please refer to https://docs.gradle.org/8.13/userguide/command_line_interface.html#sec:command_line_warnings in the Gradle documentation.
342 actionable tasks: 342 executed
FAILURE: Build failed with an exception.
* What went wrong:
Execution failed for task ':expo-barcode-scanner:compileReleaseKotlin'.
> A failure occurred while executing org.jetbrains.kotlin.compilerRunner.GradleCompilerRunnerWithWorkers$GradleKotlinCompilerWorkAction
   > Compilation error. See log for more details
* Try:
> Run with --stacktrace option to get the stack trace.
> Run with --info or --debug option to get more log output.
> Run with --scan to get full insights.
> Get more help at https://help.gradle.org.
BUILD FAILED in 4m 26s
Error: Gradle build failed with unknown error. See logs for the "Run gradlew" phase for more information.